0 info it worked if it ends with ok
1 verbose cli [ '/usr/local/bin/node',
1 verbose cli   '/usr/local/bin/npm',
1 verbose cli   'install',
1 verbose cli   '-g',
1 verbose cli   'grunt-cli' ]
2 info using npm@2.15.5
3 info using node@v4.4.6
4 verbose install initial load of /usr/local/lib/package.json
5 verbose readDependencies loading dependencies from /usr/local/lib/package.json
6 silly cache add args [ 'grunt-cli', null ]
7 verbose cache add spec grunt-cli
8 silly cache add parsed spec Result {
8 silly cache add   raw: 'grunt-cli',
8 silly cache add   scope: null,
8 silly cache add   name: 'grunt-cli',
8 silly cache add   rawSpec: '',
8 silly cache add   spec: 'latest',
8 silly cache add   type: 'tag' }
9 silly addNamed grunt-cli@latest
10 verbose addNamed "latest" is being treated as a dist-tag for grunt-cli
11 info addNameTag [ 'grunt-cli', 'latest' ]
12 silly mapToRegistry name grunt-cli
13 silly mapToRegistry using default registry
14 silly mapToRegistry registry https://registry.npmjs.org/
15 silly mapToRegistry data Result {
15 silly mapToRegistry   raw: 'grunt-cli',
15 silly mapToRegistry   scope: null,
15 silly mapToRegistry   name: 'grunt-cli',
15 silly mapToRegistry   rawSpec: '',
15 silly mapToRegistry   spec: 'latest',
15 silly mapToRegistry   type: 'tag' }
16 silly mapToRegistry uri https://registry.npmjs.org/grunt-cli
17 verbose addNameTag registry:https://registry.npmjs.org/grunt-cli not in flight; fetching
18 verbose request uri https://registry.npmjs.org/grunt-cli
19 verbose request no auth needed
20 info attempt registry request try #1 at 11:19:37 PM
21 verbose request id 9f82a813b2ef94c7
22 http request GET https://registry.npmjs.org/grunt-cli
23 http 200 https://registry.npmjs.org/grunt-cli
24 verbose headers { server: 'CouchDB/1.5.0 (Erlang OTP/R16B03)',
24 verbose headers   etag: '"4TFBYKXCD95BK64I4GZUHSZAP"',
24 verbose headers   'content-type': 'application/json',
24 verbose headers   'content-encoding': 'gzip',
24 verbose headers   'cache-control': 'max-age=300',
24 verbose headers   'content-length': '5907',
24 verbose headers   'accept-ranges': 'bytes',
24 verbose headers   date: 'Tue, 28 Jun 2016 03:19:38 GMT',
24 verbose headers   via: '1.1 varnish',
24 verbose headers   age: '136',
24 verbose headers   connection: 'keep-alive',
24 verbose headers   'x-served-by': 'cache-jfk1045-JFK',
24 verbose headers   'x-cache': 'HIT',
24 verbose headers   'x-cache-hits': '2',
24 verbose headers   'x-timer': 'S1467083978.014985,VS0,VE0',
24 verbose headers   vary: 'Accept-Encoding' }
25 silly get cb [ 200,
25 silly get   { server: 'CouchDB/1.5.0 (Erlang OTP/R16B03)',
25 silly get     etag: '"4TFBYKXCD95BK64I4GZUHSZAP"',
25 silly get     'content-type': 'application/json',
25 silly get     'content-encoding': 'gzip',
25 silly get     'cache-control': 'max-age=300',
25 silly get     'content-length': '5907',
25 silly get     'accept-ranges': 'bytes',
25 silly get     date: 'Tue, 28 Jun 2016 03:19:38 GMT',
25 silly get     via: '1.1 varnish',
25 silly get     age: '136',
25 silly get     connection: 'keep-alive',
25 silly get     'x-served-by': 'cache-jfk1045-JFK',
25 silly get     'x-cache': 'HIT',
25 silly get     'x-cache-hits': '2',
25 silly get     'x-timer': 'S1467083978.014985,VS0,VE0',
25 silly get     vary: 'Accept-Encoding' } ]
26 verbose get saving grunt-cli to /Users/leon/.npm/registry.npmjs.org/grunt-cli/.cache.json
27 verbose correctMkdir /Users/leon/.npm correctMkdir not in flight; initializing
28 verbose makeDirectory /Users/leon/.npm creation not in flight; initializing
29 silly makeDirectory /Users/leon/.npm uid: 501 gid: 20
30 silly addNameTag next cb for grunt-cli with tag latest
31 silly addNamed grunt-cli@1.2.0
32 verbose addNamed "1.2.0" is a plain semver version for grunt-cli
33 silly mapToRegistry name grunt-cli
34 silly mapToRegistry using default registry
35 silly mapToRegistry registry https://registry.npmjs.org/
36 silly mapToRegistry data Result {
36 silly mapToRegistry   raw: 'grunt-cli',
36 silly mapToRegistry   scope: null,
36 silly mapToRegistry   name: 'grunt-cli',
36 silly mapToRegistry   rawSpec: '',
36 silly mapToRegistry   spec: 'latest',
36 silly mapToRegistry   type: 'tag' }
37 silly mapToRegistry uri https://registry.npmjs.org/grunt-cli
38 verbose addRemoteTarball https://registry.npmjs.org/grunt-cli/-/grunt-cli-1.2.0.tgz not in flight; adding
39 verbose addRemoteTarball [ 'https://registry.npmjs.org/grunt-cli/-/grunt-cli-1.2.0.tgz',
39 verbose addRemoteTarball   '562b119ebb069ddb464ace2845501be97b35b6a8' ]
40 info retry fetch attempt 1 at 11:19:38 PM
41 info attempt registry request try #1 at 11:19:38 PM
42 http fetch GET https://registry.npmjs.org/grunt-cli/-/grunt-cli-1.2.0.tgz
43 http fetch 200 https://registry.npmjs.org/grunt-cli/-/grunt-cli-1.2.0.tgz
44 silly fetchAndShaCheck shasum 562b119ebb069ddb464ace2845501be97b35b6a8
45 verbose addTmpTarball /var/folders/p9/4wxkj33958q2rhnvl0b3x2k80000gn/T/npm-29815-cf34b4ff/registry.npmjs.org/grunt-cli/-/grunt-cli-1.2.0.tgz not in flight; adding
46 verbose addTmpTarball already have metadata; skipping unpack for grunt-cli@1.2.0
47 verbose correctMkdir /Users/leon/.npm correctMkdir not in flight; initializing
48 silly cache afterAdd grunt-cli@1.2.0
49 verbose afterAdd /Users/leon/.npm/grunt-cli/1.2.0/package/package.json not in flight; writing
50 verbose correctMkdir /Users/leon/.npm correctMkdir not in flight; initializing
51 verbose afterAdd /Users/leon/.npm/grunt-cli/1.2.0/package/package.json written
52 silly install resolved [ { name: 'grunt-cli',
52 silly install resolved     description: 'The grunt command line interface',
52 silly install resolved     version: '1.2.0',
52 silly install resolved     author:
52 silly install resolved      { name: 'Grunt Development Team',
52 silly install resolved        url: 'http://gruntjs.com/development-team' },
52 silly install resolved     repository:
52 silly install resolved      { type: 'git',
52 silly install resolved        url: 'git+https://github.com/gruntjs/grunt-cli.git' },
52 silly install resolved     license: 'MIT',
52 silly install resolved     engines: { node: '>=0.10.0' },
52 silly install resolved     scripts: { test: 'node bin/grunt test' },
52 silly install resolved     bin: { grunt: 'bin/grunt' },
52 silly install resolved     dependencies:
52 silly install resolved      { 'findup-sync': '~0.3.0',
52 silly install resolved        'grunt-known-options': '~1.1.0',
52 silly install resolved        nopt: '~3.0.6',
52 silly install resolved        resolve: '~1.1.0' },
52 silly install resolved     devDependencies: { grunt: '~0.4.5', 'grunt-contrib-jshint': '~1.0.0' },
52 silly install resolved     files: [ 'bin', 'completion', 'lib' ],
52 silly install resolved     appveyor_id: 'prp6g944b05jsq6d',
52 silly install resolved     contributors: [ [Object], [Object], [Object], [Object] ],
52 silly install resolved     gitHead: 'edd8bd29a72f2f28b63fe2629fcb7b9d9f2feb46',
52 silly install resolved     bugs: { url: 'https://github.com/gruntjs/grunt-cli/issues' },
52 silly install resolved     homepage: 'https://github.com/gruntjs/grunt-cli#readme',
52 silly install resolved     _id: 'grunt-cli@1.2.0',
52 silly install resolved     _shasum: '562b119ebb069ddb464ace2845501be97b35b6a8',
52 silly install resolved     _from: 'grunt-cli@latest',
52 silly install resolved     _npmVersion: '3.8.2',
52 silly install resolved     _nodeVersion: '4.2.3',
52 silly install resolved     _npmUser: { name: 'vladikoff', email: 'vlad@vladikoff.com' },
52 silly install resolved     dist:
52 silly install resolved      { shasum: '562b119ebb069ddb464ace2845501be97b35b6a8',
52 silly install resolved        tarball: 'https://registry.npmjs.org/grunt-cli/-/grunt-cli-1.2.0.tgz' },
52 silly install resolved     maintainers: [ [Object], [Object], [Object], [Object] ],
52 silly install resolved     _npmOperationalInternal:
52 silly install resolved      { host: 'packages-12-west.internal.npmjs.com',
52 silly install resolved        tmp: 'tmp/grunt-cli-1.2.0.tgz_1459558434299_0.8824446983635426' },
52 silly install resolved     directories: {},
52 silly install resolved     _resolved: 'https://registry.npmjs.org/grunt-cli/-/grunt-cli-1.2.0.tgz' } ]
53 info install grunt-cli@1.2.0 into /usr/local/lib
54 info installOne grunt-cli@1.2.0
55 verbose installOne of grunt-cli to /usr/local/lib not in flight; installing
56 verbose correctMkdir /Users/leon/.npm/_locks correctMkdir not in flight; initializing
57 verbose makeDirectory /Users/leon/.npm/_locks creation not in flight; initializing
58 silly makeDirectory /Users/leon/.npm/_locks uid: 501 gid: 20
59 verbose lock using /Users/leon/.npm/_locks/grunt-cli-58f484dab06f0a30.lock for /usr/local/lib/node_modules/grunt-cli
60 silly install write writing grunt-cli 1.2.0 to /usr/local/lib/node_modules/grunt-cli
61 verbose unbuild lib/node_modules/grunt-cli
62 silly gentlyRm /usr/local/lib/node_modules/grunt-cli is being purged from base /usr/local
63 verbose gentlyRm don't care about contents; nuking /usr/local/lib/node_modules/grunt-cli
64 verbose tar unpack /Users/leon/.npm/grunt-cli/1.2.0/package.tgz
65 verbose tar unpacking to /usr/local/lib/node_modules/grunt-cli
66 silly gentlyRm /usr/local/lib/node_modules/grunt-cli is being purged
67 verbose gentlyRm don't care about contents; nuking /usr/local/lib/node_modules/grunt-cli
68 silly gunzTarPerm modes [ '755', '644' ]
69 error tar.unpack untar error /Users/leon/.npm/grunt-cli/1.2.0/package.tgz
70 verbose unlock done using /Users/leon/.npm/_locks/grunt-cli-58f484dab06f0a30.lock for /usr/local/lib/node_modules/grunt-cli
71 verbose fstream_path /usr/local/lib/node_modules/grunt-cli
72 verbose fstream_type Directory
73 verbose fstream_class DirWriter
74 verbose stack Error: EACCES: permission denied, mkdir '/usr/local/lib/node_modules/grunt-cli'
74 verbose stack     at Error (native)
75 verbose fstream_stack /usr/local/lib/node_modules/npm/node_modules/fstream/lib/dir-writer.js:35:25
75 verbose fstream_stack /usr/local/lib/node_modules/npm/node_modules/mkdirp/index.js:47:53
75 verbose fstream_stack FSReqWrap.oncomplete (fs.js:82:15)
76 verbose cwd /Users/leon/Desktop/bitmaker/lessons/seatyourself
77 error Darwin 15.3.0
78 error argv "/usr/local/bin/node" "/usr/local/bin/npm" "install" "-g" "grunt-cli"
79 error node v4.4.6
80 error npm  v2.15.5
81 error path /usr/local/lib/node_modules/grunt-cli
82 error code EACCES
83 error errno -13
84 error syscall mkdir
85 error Error: EACCES: permission denied, mkdir '/usr/local/lib/node_modules/grunt-cli'
85 error     at Error (native)
85 error  { [Error: EACCES: permission denied, mkdir '/usr/local/lib/node_modules/grunt-cli']
85 error   errno: -13,
85 error   code: 'EACCES',
85 error   syscall: 'mkdir',
85 error   path: '/usr/local/lib/node_modules/grunt-cli',
85 error   fstream_type: 'Directory',
85 error   fstream_path: '/usr/local/lib/node_modules/grunt-cli',
85 error   fstream_class: 'DirWriter',
85 error   fstream_stack:
85 error    [ '/usr/local/lib/node_modules/npm/node_modules/fstream/lib/dir-writer.js:35:25',
85 error      '/usr/local/lib/node_modules/npm/node_modules/mkdirp/index.js:47:53',
85 error      'FSReqWrap.oncomplete (fs.js:82:15)' ] }
86 error Please try running this command again as root/Administrator.
87 verbose exit [ -13, true ]
88 verbose unbuild lib/node_modules/grunt-cli
89 silly gentlyRm /usr/local/lib/node_modules/grunt-cli is being purged from base /usr/local
90 verbose gentlyRm don't care about contents; nuking /usr/local/lib/node_modules/grunt-cli
